<?xml version="1.0" encoding="UTF-8"?>
<!-- Generated by org.testng.reporters.JUnitReportReporter -->
<testsuite hostname="LAPTOP-4ANU9VFQ" failures="0" tests="1" name="Test2.TC1" time="10.309" errors="0" timestamp="19 Apr 2022 16:37:30 GMT">
  <testcase classname="Test2.TC1" name="f" time="10.309"/>
</testsuite> <!-- Test2.TC1 -->
